2024-10-24 12:13:03,397 - INFO - {'url': '/docs', 'method': 'GET'}
2024-10-24 12:13:04,448 - INFO - {'url': '/favicon.ico', 'method': 'GET'}
2024-10-24 12:13:20,575 - INFO - {'url': '/docs', 'method': 'GET'}
2024-10-24 12:13:20,795 - INFO - {'url': '/favicon.ico', 'method': 'GET'}
2024-10-24 12:13:20,941 - INFO - {'url': '/docs', 'method': 'GET'}
2024-10-24 12:13:21,135 - INFO - {'url': '/favicon.ico', 'method': 'GET'}
2024-10-24 12:21:30,676 - INFO - {'url': '/docs', 'method': 'GET'}
2024-10-24 12:23:02,516 - INFO - {'url': '/openapi.json', 'method': 'GET'}
2024-10-24 12:23:33,437 - INFO - {'url': '/user/details/', 'method': 'GET'}
2024-10-24 13:22:45,260 - INFO - {'url': '/user/login/', 'method': 'POST'}
2024-10-24 13:23:02,222 - INFO - {'url': '/user/details/', 'method': 'GET'}
2024-10-24 13:23:14,898 - INFO - {'url': '/docs', 'method': 'GET'}
2024-10-24 13:23:15,149 - INFO - {'url': '/openapi.json', 'method': 'GET'}
2024-10-24 13:23:21,745 - INFO - {'url': '/user/logout', 'method': 'POST'}
2024-10-24 13:23:32,001 - INFO - {'url': '/user/logout', 'method': 'POST'}
2024-10-24 13:24:08,293 - INFO - {'url': '/user/details/', 'method': 'GET'}
2024-10-24 14:09:32,543 - INFO - {'url': '/user/details/', 'method': 'GET'}
2024-10-24 14:10:02,299 - INFO - {'url': '/user/login/', 'method': 'POST'}
2024-10-24 14:10:23,618 - INFO - {'url': '/user/login/', 'method': 'POST'}
2024-10-24 14:10:38,338 - INFO - {'url': '/user/details/', 'method': 'GET'}
2024-10-24 14:10:54,685 - INFO - {'url': '/All-category/read/', 'method': 'GET'}
2024-10-24 14:11:09,354 - INFO - {'url': '/user/logout', 'method': 'POST'}
2024-10-24 14:11:21,139 - INFO - {'url': '/user/details/', 'method': 'GET'}
2024-10-24 14:46:51,782 - INFO - {'url': '/user/login/', 'method': 'POST'}
2024-10-24 14:47:12,201 - INFO - {'url': '/user/details/', 'method': 'GET'}
2024-10-24 14:47:25,515 - INFO - {'url': '/docs', 'method': 'GET'}
2024-10-24 14:47:25,718 - INFO - {'url': '/openapi.json', 'method': 'GET'}
2024-10-24 14:52:13,317 - INFO - {'url': '/user/details/', 'method': 'GET'}
2024-10-24 14:53:55,375 - INFO - {'url': '/user/details/', 'method': 'GET'}
2024-10-24 14:54:23,631 - INFO - {'url': '/user/details/', 'method': 'GET'}
2024-10-24 14:54:28,811 - INFO - {'url': '/user/details/', 'method': 'GET'}
2024-10-24 14:56:36,615 - INFO - {'url': '/user/details/', 'method': 'GET'}
2024-10-24 14:59:29,586 - INFO - {'url': '/user/details/', 'method': 'GET'}
2024-10-24 14:59:53,949 - INFO - {'url': '/user/details/', 'method': 'GET'}
2024-10-24 15:01:07,340 - INFO - {'url': '/user/details/', 'method': 'GET'}
2024-10-24 15:02:34,322 - INFO - {'url': '/user/details/', 'method': 'GET'}
2024-10-24 15:05:18,639 - INFO - {'url': '/user/details/', 'method': 'GET'}
2024-10-24 15:06:18,883 - INFO - {'url': '/user/details/', 'method': 'GET'}
2024-10-24 15:07:38,684 - INFO - {'url': '/user/details/', 'method': 'GET'}
2024-10-24 15:08:39,246 - INFO - {'url': '/user/login/', 'method': 'POST'}
2024-10-24 15:08:52,441 - INFO - {'url': '/user/details/', 'method': 'GET'}
2024-10-24 15:09:22,548 - INFO - {'url': '/user/details/', 'method': 'GET'}
2024-10-24 15:11:48,833 - INFO - {'url': '/user/details/', 'method': 'GET'}
2024-10-24 15:25:29,587 - INFO - {'url': '/user/details/', 'method': 'GET', 'jwtoken': 'eyJhbGciOiJIUzI1NiIsInR5cCI6IkpXVCJ9.eyJ1c2VybmFtZSI6Im5pdmV0aGEiLCJwYXNzd29yZCI6IjEyMzQ1Njc4Iiwicm9sZSI6IkFkbWluIiwiZXhwIjoxNzI5NzYzOTE5LjQzNjUwNDh9.QMIQxncQ2JGNmqpnq-r1kBGS_ZBmgX-eA4N9nIRkKi0'}
2024-10-24 15:38:56,922 - INFO - {'url': '/user/details/', 'method': 'GET', 'jwtoken': 'eyJhbGciOiJIUzI1NiIsInR5cCI6IkpXVCJ9.eyJ1c2VybmFtZSI6Im5pdmV0aGEiLCJwYXNzd29yZCI6IjEyMzQ1Njc4Iiwicm9sZSI6IkFkbWluIiwiZXhwIjoxNzI5NzYzOTE5LjQzNjUwNDh9.QMIQxncQ2JGNmqpnq-r1kBGS_ZBmgX-eA4N9nIRkKi0'}
2024-10-24 16:15:17,145 - INFO - {'url': '/user/details/', 'method': 'GET', 'jwtoken': 'eyJhbGciOiJIUzI1NiIsInR5cCI6IkpXVCJ9.eyJ1c2VybmFtZSI6Im5pdmV0aGEiLCJwYXNzd29yZCI6IjEyMzQ1Njc4Iiwicm9sZSI6IkFkbWluIiwiZXhwIjoxNzI5NzYzOTE5LjQzNjUwNDh9.QMIQxncQ2JGNmqpnq-r1kBGS_ZBmgX-eA4N9nIRkKi0'}
2024-10-24 16:16:31,800 - INFO - {'url': '/user/details/', 'method': 'GET', 'jwtoken': 'eyJhbGciOiJIUzI1NiIsInR5cCI6IkpXVCJ9.eyJ1c2VybmFtZSI6Im5pdmV0aGEiLCJwYXNzd29yZCI6IjEyMzQ1Njc4Iiwicm9sZSI6IkFkbWluIiwiZXhwIjoxNzI5NzYzOTE5LjQzNjUwNDh9.QMIQxncQ2JGNmqpnq-r1kBGS_ZBmgX-eA4N9nIRkKi0'}
2024-10-24 16:16:46,116 - INFO - {'url': '/user/details/', 'method': 'GET', 'jwtoken': 'eyJhbGciOiJIUzI1NiIsInR5cCI6IkpXVCJ9.eyJ1c2VybmFtZSI6Im5pdmV0aGEiLCJwYXNzd29yZCI6IjEyMzQ1Njc4Iiwicm9sZSI6IkFkbWluIiwiZXhwIjoxNzI5NzYzOTE5LjQzNjUwNDh9.QMIQxncQ2JGNmqpnq-r1kBGS_ZBmgX-eA4N9nIRkKi0'}
2024-10-24 16:16:58,045 - INFO - {'url': '/user/details/', 'method': 'GET', 'jwtoken': 'eyJhbGciOiJIUzI1NiIsInR5cCI6IkpXVCJ9.eyJ1c2VybmFtZSI6Im5pdmV0aGEiLCJwYXNzd29yZCI6IjEyMzQ1Njc4Iiwicm9sZSI6IkFkbWluIiwiZXhwIjoxNzI5NzYzOTE5LjQzNjUwNDh9.QMIQxncQ2JGNmqpnq-r1kBGS_ZBmgX-eA4N9nIRkKi0'}
2024-10-24 16:17:04,587 - INFO - {'url': '/user/details/', 'method': 'GET', 'jwtoken': 'eyJhbGciOiJIUzI1NiIsInR5cCI6IkpXVCJ9.eyJ1c2VybmFtZSI6Im5pdmV0aGEiLCJwYXNzd29yZCI6IjEyMzQ1Njc4Iiwicm9sZSI6IkFkbWluIiwiZXhwIjoxNzI5NzYzOTE5LjQzNjUwNDh9.QMIQxncQ2JGNmqpnq-r1kBGS_ZBmgX-eA4N9nIRkKi0'}
2024-10-24 16:17:11,208 - INFO - {'url': '/user/details/', 'method': 'GET', 'jwtoken': 'eyJhbGciOiJIUzI1NiIsInR5cCI6IkpXVCJ9.eyJ1c2VybmFtZSI6Im5pdmV0aGEiLCJwYXNzd29yZCI6IjEyMzQ1Njc4Iiwicm9sZSI6IkFkbWluIiwiZXhwIjoxNzI5NzYzOTE5LjQzNjUwNDh9.QMIQxncQ2JGNmqpnq-r1kBGS_ZBmgX-eA4N9nIRkKi0'}
2024-10-24 16:21:39,089 - INFO - {'url': '/user/details/', 'method': 'GET', 'jwtoken': 'eyJhbGciOiJIUzI1NiIsInR5cCI6IkpXVCJ9.eyJ1c2VybmFtZSI6Im5pdmV0aGEiLCJwYXNzd29yZCI6IjEyMzQ1Njc4Iiwicm9sZSI6IkFkbWluIiwiZXhwIjoxNzI5NzYzOTE5LjQzNjUwNDh9.QMIQxncQ2JGNmqpnq-r1kBGS_ZBmgX-eA4N9nIRkKi0'}
2024-10-24 16:21:54,031 - INFO - {'url': '/user/details/', 'method': 'GET', 'jwtoken': 'eyJhbGciOiJIUzI1NiIsInR5cCI6IkpXVCJ9.eyJ1c2VybmFtZSI6Im5pdmV0aGEiLCJwYXNzd29yZCI6IjEyMzQ1Njc4Iiwicm9sZSI6IkFkbWluIiwiZXhwIjoxNzI5NzYzOTE5LjQzNjUwNDh9.QMIQxncQ2JGNmqpnq-r1kBGS_ZBmgX-eA4N9nIRkKi0'}
2024-10-24 16:22:07,719 - INFO - {'url': '/user/details/', 'method': 'GET', 'jwtoken': 'eyJhbGciOiJIUzI1NiIsInR5cCI6IkpXVCJ9.eyJ1c2VybmFtZSI6Im5pdmV0aGEiLCJwYXNzd29yZCI6IjEyMzQ1Njc4Iiwicm9sZSI6IkFkbWluIiwiZXhwIjoxNzI5NzYzOTE5LjQzNjUwNDh9.QMIQxncQ2JGNmqpnq-r1kBGS_ZBmgX-eA4N9nIRkKi0'}
2024-10-24 16:44:06,244 - INFO - {'url': '/user/login/', 'method': 'POST', 'jwtoken': None}
2024-10-24 16:44:35,542 - INFO - {'url': '/user/login/', 'method': 'POST', 'jwtoken': None}
2024-10-24 16:45:04,201 - INFO - {'url': '/user/login/', 'method': 'POST'}
2024-10-24 16:45:30,991 - INFO - {'url': '/user/details/', 'method': 'GET'}
2024-10-24 16:45:59,136 - INFO - {'url': '/user/details/', 'method': 'GET'}
2024-10-24 16:46:24,299 - INFO - {'url': '/user/details/', 'method': 'GET'}
2024-10-24 16:46:58,074 - INFO - {'url': '/user/logout', 'method': 'POST'}
2024-10-24 16:47:06,387 - INFO - {'url': '/user/details/', 'method': 'GET'}
2024-10-24 16:47:20,982 - INFO - {'url': '/user/details/', 'method': 'GET'}
2024-10-24 16:47:42,851 - INFO - {'url': '/user/details/', 'method': 'GET'}
2024-10-24 16:52:36,869 - INFO - {'url': '/user/details/', 'method': 'GET'}
2024-10-24 17:00:13,108 - INFO - {'url': '/user/details/', 'method': 'GET'}
2024-10-24 17:01:19,916 - INFO - {'url': '/user/details/', 'method': 'GET'}
2024-10-24 17:01:38,597 - INFO - {'url': '/user/details/', 'method': 'GET'}
2024-10-24 17:02:02,545 - INFO - {'url': '/user/details/', 'method': 'GET'}
2024-10-24 17:02:26,415 - INFO - {'url': '/user/details/', 'method': 'GET'}
2024-10-24 17:02:52,152 - INFO - {'url': '/user/details/', 'method': 'GET'}
2024-10-24 17:09:00,276 - INFO - {'url': '/user/details/', 'method': 'GET'}
2024-10-24 17:09:42,725 - INFO - {'url': '/user/login/', 'method': 'POST'}
2024-10-24 17:10:02,327 - INFO - {'url': '/user/details/', 'method': 'GET'}
2024-10-24 17:10:19,839 - INFO - {'url': '/user/details/', 'method': 'GET'}
2024-10-24 17:12:59,325 - INFO - {'url': '/user/details/', 'method': 'GET'}
2024-10-24 17:13:50,190 - INFO - {'url': '/user/details/', 'method': 'GET'}
2024-10-24 17:14:32,763 - INFO - {'url': '/user/details/', 'method': 'GET'}
2024-10-25 12:51:00,557 - INFO - {'url': '/user/login/', 'method': 'POST'}
2024-10-25 12:52:00,368 - INFO - {'url': '/user/details/', 'method': 'GET'}
2024-10-25 12:52:06,493 - INFO - {'url': '/user/logout', 'method': 'POST'}
2024-10-25 12:52:13,034 - INFO - {'url': '/user/details/', 'method': 'GET'}
2024-10-25 12:52:16,587 - INFO - {'url': '/user/details/', 'method': 'GET'}
2024-10-25 12:52:17,090 - INFO - {'url': '/user/details/', 'method': 'GET'}
2024-10-25 12:52:17,300 - INFO - {'url': '/user/details/', 'method': 'GET'}
2024-10-25 12:52:17,497 - INFO - {'url': '/user/details/', 'method': 'GET'}
2024-10-25 12:52:17,679 - INFO - {'url': '/user/details/', 'method': 'GET'}
2024-10-25 12:52:17,815 - INFO - {'url': '/user/details/', 'method': 'GET'}
2024-10-25 12:52:18,008 - INFO - {'url': '/user/details/', 'method': 'GET'}
2024-10-25 12:52:18,204 - INFO - {'url': '/user/details/', 'method': 'GET'}
2024-10-25 12:52:18,380 - INFO - {'url': '/user/details/', 'method': 'GET'}
2024-10-25 12:53:53,912 - INFO - {'url': '/user/details/', 'method': 'GET'}
2024-10-25 12:53:56,062 - INFO - {'url': '/user/details/', 'method': 'GET'}
2024-10-25 12:55:46,002 - INFO - {'url': '/user/details/', 'method': 'GET'}
2024-10-25 12:55:55,253 - INFO - {'url': '/user/details/', 'method': 'GET'}
2024-10-25 12:56:01,375 - INFO - {'url': '/user/details/', 'method': 'GET'}
2024-10-25 13:07:40,005 - INFO - {'url': '/', 'method': 'GET'}
2024-10-25 13:07:40,554 - INFO - {'url': '/favicon.ico', 'method': 'GET'}
2024-10-25 13:07:45,291 - INFO - {'url': '/docs', 'method': 'GET'}
2024-10-25 13:07:45,750 - INFO - {'url': '/openapi.json', 'method': 'GET'}
2024-10-25 13:09:03,885 - INFO - {'url': '/user/details/', 'method': 'GET'}
2024-10-25 13:11:28,210 - INFO - {'url': '/user/details/', 'method': 'GET'}
2024-10-25 13:13:06,977 - INFO - {'url': '/user/details/', 'method': 'GET'}
2024-10-25 13:13:31,691 - INFO - {'url': '/user/login/', 'method': 'POST'}
2024-10-25 13:14:06,709 - INFO - {'url': '/user/details/', 'method': 'GET'}
2024-10-25 13:14:57,331 - INFO - {'url': '/user/details/', 'method': 'GET'}
2024-10-25 13:15:19,857 - INFO - {'url': '/user/details/', 'method': 'GET'}
2024-10-25 13:15:30,928 - INFO - {'url': '/user/details/', 'method': 'GET'}
2024-10-25 13:17:55,134 - INFO - {'url': '/user/details/', 'method': 'GET'}
2024-10-25 13:19:29,189 - INFO - {'url': '/user/details/', 'method': 'GET'}
2024-10-25 13:19:31,170 - INFO - {'url': '/user/details/', 'method': 'GET'}
2024-10-25 13:19:32,055 - INFO - {'url': '/user/details/', 'method': 'GET'}
2024-10-25 13:19:32,210 - INFO - {'url': '/user/details/', 'method': 'GET'}
2024-10-25 13:19:32,391 - INFO - {'url': '/user/details/', 'method': 'GET'}
2024-10-25 13:20:12,035 - INFO - {'url': '/user/details/', 'method': 'GET'}
2024-10-25 13:20:16,617 - INFO - {'url': '/user/details/', 'method': 'GET'}
2024-10-25 13:27:50,271 - INFO - {'url': '/user/details/', 'method': 'GET'}
2024-10-25 13:29:41,141 - INFO - {'url': '/user/details/', 'method': 'GET'}
2024-10-25 13:29:54,732 - INFO - {'url': '/user/details/', 'method': 'GET'}
2024-10-25 13:31:06,592 - INFO - {'url': '/user/details/', 'method': 'GET'}
2024-10-25 13:31:51,681 - INFO - {'url': '/user/details/', 'method': 'GET'}
2024-10-25 13:32:50,614 - INFO - {'url': '/user/details/', 'method': 'GET'}
2024-10-25 13:33:01,846 - INFO - {'url': '/user/details/', 'method': 'GET'}
2024-10-25 13:34:42,991 - INFO - {'url': '/user/details/', 'method': 'GET'}
2024-10-25 13:34:58,578 - INFO - {'url': '/user/login/', 'method': 'POST'}
2024-10-25 13:35:20,956 - INFO - {'url': '/user/details/', 'method': 'GET'}
2024-10-25 13:35:54,507 - INFO - {'url': '/user/details/', 'method': 'GET'}
2024-10-25 13:36:57,387 - INFO - {'url': '/user/details/', 'method': 'GET'}
2024-10-25 13:37:22,771 - INFO - {'url': '/user/details/', 'method': 'GET'}
2024-10-25 13:39:39,537 - INFO - {'url': '/user/details/', 'method': 'GET'}
2024-10-25 13:40:03,949 - INFO - {'url': '/user/details/', 'method': 'GET'}
2024-10-25 13:40:27,151 - INFO - {'url': '/user/details/', 'method': 'GET'}
2024-10-25 13:41:21,554 - INFO - {'url': '/user/details/', 'method': 'GET'}
2024-10-25 13:41:48,508 - INFO - {'url': '/user/details/', 'method': 'GET'}
2024-10-25 13:42:14,705 - INFO - {'url': '/user/details/', 'method': 'GET'}
2024-10-25 13:42:37,903 - INFO - {'url': '/user/details/', 'method': 'GET'}
2024-10-25 13:43:05,052 - INFO - {'url': '/user/logout', 'method': 'POST'}
2024-10-25 13:43:11,006 - INFO - {'url': '/user/details/', 'method': 'GET'}
2024-10-25 15:21:37,379 - INFO - {'url': '/user/details/', 'method': 'GET'}
2024-10-25 15:21:53,335 - INFO - {'url': '/user/login/', 'method': 'POST'}
2024-10-25 15:22:15,183 - INFO - {'url': '/user/details/', 'method': 'GET'}
2024-10-25 15:22:30,408 - INFO - {'url': '/user/logout', 'method': 'POST'}
2024-10-25 15:22:39,437 - INFO - {'url': '/user/details/', 'method': 'GET'}
2024-10-25 15:23:16,183 - INFO - {'url': '/user/details/', 'method': 'GET'}
2024-10-25 15:24:07,457 - INFO - {'url': '/user/details/', 'method': 'GET'}
2024-10-25 15:24:25,282 - INFO - {'url': '/user/details/', 'method': 'GET'}
2024-10-25 15:26:54,075 - INFO - {'url': '/user/details/', 'method': 'GET'}
2024-10-25 15:27:02,357 - INFO - {'url': '/user/details/', 'method': 'GET'}
2024-10-25 15:28:12,530 - INFO - {'url': '/user/details/', 'method': 'GET'}
2024-10-25 15:30:07,431 - INFO - {'url': '/user/details/', 'method': 'GET'}
2024-10-25 15:32:44,816 - INFO - {'url': '/user/details/', 'method': 'GET'}
2024-10-25 15:33:33,015 - INFO - {'url': '/user/details/', 'method': 'GET'}
2024-10-25 15:34:08,274 - INFO - {'url': '/user/details/', 'method': 'GET'}
2024-10-25 15:36:09,183 - INFO - {'url': '/user/details/', 'method': 'GET'}
2024-10-25 15:43:55,612 - INFO - {'url': '/user/details/', 'method': 'GET'}
2024-10-25 15:44:11,142 - INFO - {'url': '/user/login/', 'method': 'POST'}
2024-10-25 15:44:32,205 - INFO - {'url': '/user/details/', 'method': 'GET'}
2024-10-25 15:44:40,379 - INFO - {'url': '/user/logout', 'method': 'POST'}
2024-10-25 15:44:50,557 - INFO - {'url': '/user/details/', 'method': 'GET'}
2024-10-25 15:45:14,595 - INFO - {'url': '/user/details/', 'method': 'GET'}
2024-10-25 15:45:26,388 - INFO - {'url': '/user/details/', 'method': 'GET'}
2024-10-25 15:45:38,212 - INFO - {'url': '/All-category/read/', 'method': 'GET'}
2024-10-25 15:47:32,137 - INFO - {'url': '/user/details/', 'method': 'GET'}
2024-10-25 15:48:01,297 - INFO - {'url': '/user/details/', 'method': 'GET'}
2024-10-25 17:49:26,644 - INFO - {'url': '/docs', 'method': 'GET'}
2024-10-25 17:49:27,251 - INFO - {'url': '/openapi.json', 'method': 'GET'}
2024-10-25 17:49:35,752 - INFO - {'url': '/docs', 'method': 'GET'}
2024-10-25 17:49:36,451 - INFO - {'url': '/openapi.json', 'method': 'GET'}
2024-10-25 17:50:09,871 - INFO - {'url': '/docs', 'method': 'GET'}
2024-10-25 17:50:10,100 - INFO - {'url': '/openapi.json', 'method': 'GET'}
2024-10-25 17:50:56,216 - INFO - {'url': '/docs', 'method': 'GET'}
2024-10-25 17:50:56,819 - INFO - {'url': '/openapi.json', 'method': 'GET'}
2024-10-25 17:56:46,878 - INFO - {'url': '/user/login/', 'method': 'POST'}
2024-10-25 17:59:53,067 - INFO - {'url': '/user/login/', 'method': 'POST'}
2024-10-25 18:01:14,827 - INFO - {'url': '/user/login/', 'method': 'POST'}
2024-10-25 18:01:27,873 - INFO - {'url': '/user/login/', 'method': 'POST'}
2024-10-25 18:02:51,266 - INFO - {'url': '/docs', 'method': 'GET'}
2024-10-25 18:02:51,502 - INFO - {'url': '/openapi.json', 'method': 'GET'}
2024-10-30 12:06:17,526 - INFO - {'url': '/', 'method': 'GET'}
2024-10-30 12:06:23,392 - INFO - {'url': '/docs', 'method': 'GET'}
2024-10-30 12:06:24,273 - INFO - {'url': '/openapi.json', 'method': 'GET'}
2024-10-30 12:06:51,797 - INFO - {'url': '/docs', 'method': 'GET'}
2024-10-30 12:06:52,885 - INFO - {'url': '/openapi.json', 'method': 'GET'}
2024-10-30 12:07:07,587 - INFO - {'url': '/user/upload_file/', 'method': 'POST'}
2024-10-30 12:12:22,689 - INFO - {'url': '/user/upload_file/', 'method': 'POST'}
2024-10-30 12:13:12,842 - INFO - {'url': '/user/upload_file/', 'method': 'POST'}
2024-10-30 12:13:27,016 - INFO - {'url': '/user/upload_file/', 'method': 'POST'}
2024-10-30 12:14:00,366 - INFO - {'url': '/user/upload_file/', 'method': 'POST'}
2024-10-30 12:14:45,075 - INFO - {'url': '/user/upload_file/', 'method': 'POST'}
2024-10-30 12:17:07,191 - INFO - {'url': '/user/upload_file/', 'method': 'POST'}
2024-10-30 12:19:03,665 - INFO - {'url': '/user/upload_file/', 'method': 'POST'}
2024-10-30 12:21:09,648 - INFO - {'url': '/user/upload_file/', 'method': 'POST'}
2024-10-30 12:21:33,108 - INFO - {'url': '/user/upload_file/', 'method': 'POST'}
2024-10-30 12:21:48,133 - INFO - {'url': '/user/upload_file/', 'method': 'POST'}
2024-10-30 12:21:58,902 - INFO - {'url': '/user/upload_file/', 'method': 'POST'}
2024-10-30 12:22:20,088 - INFO - {'url': '/user/upload_file/', 'method': 'POST'}
2024-10-30 12:22:25,679 - INFO - {'url': '/user/upload_file/', 'method': 'POST'}
2024-10-30 12:22:33,742 - INFO - {'url': '/user/upload_file/', 'method': 'POST'}
2024-10-30 12:25:33,258 - INFO - {'url': '/user/upload_file/', 'method': 'POST'}
2024-10-30 12:26:19,619 - INFO - {'url': '/user/upload_file/', 'method': 'POST'}
2024-10-30 12:29:02,225 - INFO - {'url': '/user/upload_file/', 'method': 'POST'}
2024-10-30 12:29:05,581 - INFO - {'url': '/user/upload_file/', 'method': 'POST'}
2024-10-30 12:29:06,062 - INFO - {'url': '/user/upload_file/', 'method': 'POST'}
2024-10-30 12:29:06,504 - INFO - {'url': '/user/upload_file/', 'method': 'POST'}
2024-10-30 12:29:06,884 - INFO - {'url': '/user/upload_file/', 'method': 'POST'}
2024-10-30 12:29:07,365 - INFO - {'url': '/user/upload_file/', 'method': 'POST'}
2024-10-30 12:29:07,800 - INFO - {'url': '/user/upload_file/', 'method': 'POST'}
2024-10-30 12:29:08,004 - INFO - {'url': '/user/upload_file/', 'method': 'POST'}
2024-10-30 12:29:08,214 - INFO - {'url': '/user/upload_file/', 'method': 'POST'}
2024-10-30 12:35:55,274 - INFO - {'url': '/user/upload_file/', 'method': 'POST'}
2024-10-30 12:36:45,411 - INFO - {'url': '/user/upload_file/', 'method': 'POST'}
2024-10-30 12:36:57,604 - INFO - {'url': '/user/upload_file/', 'method': 'POST'}
2024-10-30 12:37:42,644 - INFO - {'url': '/user/upload_file/', 'method': 'POST'}
2024-10-30 12:38:04,083 - INFO - {'url': '/user/upload_file/', 'method': 'POST'}
2024-10-30 12:38:44,909 - INFO - {'url': '/user/upload_file/', 'method': 'POST'}
2024-10-30 12:48:34,042 - INFO - {'url': '/user/upload_file/', 'method': 'POST'}
2024-10-30 12:52:10,800 - INFO - {'url': '/user/upload_file/', 'method': 'POST'}
2024-10-30 12:52:32,126 - INFO - {'url': '/user/upload_file/', 'method': 'POST'}
2024-10-30 12:56:38,886 - INFO - {'url': '/user/upload_file/', 'method': 'POST'}
2024-10-30 12:57:11,352 - INFO - {'url': '/user/upload_file/', 'method': 'POST'}
2024-10-30 13:05:25,522 - INFO - {'url': '/user/upload_file/', 'method': 'POST'}
2024-10-30 13:06:55,010 - INFO - {'url': '/user/upload_file/', 'method': 'POST'}
2024-10-30 13:07:58,675 - INFO - {'url': '/user/upload_file/', 'method': 'POST'}
2024-10-30 13:09:23,271 - INFO - {'url': '/user/upload_file/', 'method': 'POST'}
2024-10-30 13:10:07,509 - INFO - {'url': '/user/upload_file/', 'method': 'POST'}
2024-10-30 13:15:24,712 - INFO - {'url': '/docs', 'method': 'GET'}
2024-10-30 13:15:24,942 - INFO - {'url': '/openapi.json', 'method': 'GET'}
2024-10-30 13:15:36,739 - INFO - {'url': '/user/upload_file/', 'method': 'POST'}
2024-10-30 13:16:13,023 - INFO - {'url': '/user/upload_file/', 'method': 'POST'}
2024-10-30 13:16:33,785 - INFO - {'url': '/user/upload_file/', 'method': 'POST'}
2024-10-30 13:18:45,041 - INFO - {'url': '/docs', 'method': 'GET'}
2024-10-30 13:18:45,452 - INFO - {'url': '/openapi.json', 'method': 'GET'}
2024-10-30 13:18:56,845 - INFO - {'url': '/user/upload_file/', 'method': 'POST'}
2024-10-30 13:19:21,041 - INFO - {'url': '/user/upload_file/', 'method': 'POST'}
2024-10-30 13:19:23,360 - INFO - {'url': '/user/upload_file/', 'method': 'POST'}
2024-10-30 13:23:44,731 - INFO - {'url': '/user/upload_file/', 'method': 'POST'}
2024-10-30 13:24:06,243 - INFO - {'url': '/user/upload_file/', 'method': 'POST'}
2024-10-30 14:22:25,924 - INFO - {'url': '/docs', 'method': 'GET'}
2024-10-30 14:22:26,323 - INFO - {'url': '/openapi.json', 'method': 'GET'}
2024-10-30 14:22:34,205 - INFO - {'url': '/user/upload_file/', 'method': 'POST'}
2024-10-30 14:23:35,032 - INFO - {'url': '/user/upload_file/', 'method': 'POST'}
2024-10-30 14:25:14,037 - INFO - {'url': '/user/upload_file/', 'method': 'POST'}
2024-10-30 14:25:33,594 - INFO - {'url': '/user/upload_file/', 'method': 'POST'}
2024-10-30 14:26:15,027 - INFO - {'url': '/user/upload_file/', 'method': 'POST'}
2024-10-30 14:26:27,879 - INFO - {'url': '/user/upload_file/', 'method': 'POST'}
2024-10-30 14:26:52,523 - INFO - {'url': '/user/upload_file/', 'method': 'POST'}
2024-10-30 14:27:30,941 - INFO - {'url': '/user/upload_file/', 'method': 'POST'}
2024-10-30 14:27:59,093 - INFO - {'url': '/user/upload_file/', 'method': 'POST'}
2024-10-30 14:28:26,081 - INFO - {'url': '/user/upload_file/', 'method': 'POST'}
2024-10-30 14:28:38,536 - INFO - {'url': '/user/upload_file/', 'method': 'POST'}
2024-10-30 14:28:52,172 - INFO - {'url': '/user/upload_file/', 'method': 'POST'}
2024-10-30 14:29:59,450 - INFO - {'url': '/user/upload_file/', 'method': 'POST'}
2024-10-30 14:30:13,779 - INFO - {'url': '/user/upload_file/', 'method': 'POST'}
2024-10-30 14:30:27,657 - INFO - {'url': '/user/upload_file/', 'method': 'POST'}
2024-10-30 14:30:42,734 - INFO - {'url': '/user/upload_file/', 'method': 'POST'}
2024-10-30 14:31:15,035 - INFO - {'url': '/user/upload_file/', 'method': 'POST'}
2024-10-30 14:31:39,888 - INFO - {'url': '/user/upload_file/', 'method': 'POST'}
2024-10-30 14:31:52,761 - INFO - {'url': '/user/upload_file/', 'method': 'POST'}
2024-10-30 14:32:26,262 - INFO - {'url': '/user/upload_file/', 'method': 'POST'}
2024-10-30 14:58:40,728 - INFO - {'url': '/docs', 'method': 'GET'}
2024-10-30 14:58:41,109 - INFO - {'url': '/openapi.json', 'method': 'GET'}
2024-10-30 14:58:53,579 - INFO - {'url': '/user/upload_file_fast/', 'method': 'POST'}
2024-10-30 14:59:56,327 - INFO - {'url': '/user/upload_file_fast/', 'method': 'POST'}
2024-10-30 15:13:09,900 - INFO - {'url': '/user/upload_file_fast/', 'method': 'POST'}
2024-10-30 15:13:42,566 - INFO - {'url': '/user/upload_file_fast/', 'method': 'POST'}
2024-10-30 15:14:07,275 - INFO - {'url': '/user/upload_file_fast/', 'method': 'POST'}
2024-10-30 15:15:14,563 - INFO - {'url': '/user/upload_file_fast/', 'method': 'POST'}
2024-10-30 15:20:32,143 - INFO - {'url': '/user/upload_file_fast/', 'method': 'POST'}
2024-10-30 17:37:20,718 - INFO - {'url': '/', 'method': 'GET'}
2024-10-30 17:37:21,218 - INFO - {'url': '/favicon.ico', 'method': 'GET'}
2024-10-30 17:37:30,021 - INFO - {'url': '/', 'method': 'GET'}
2024-10-30 17:37:33,833 - INFO - {'url': '/docs', 'method': 'GET'}
2024-10-30 17:37:34,347 - INFO - {'url': '/openapi.json', 'method': 'GET'}
2024-10-30 17:39:17,645 - INFO - {'url': '/docs', 'method': 'GET'}
2024-10-30 17:39:18,259 - INFO - {'url': '/openapi.json', 'method': 'GET'}
2024-10-30 17:40:11,210 - INFO - {'url': '/user/login/', 'method': 'POST'}
2024-10-30 17:40:37,326 - INFO - {'url': '/user/details/', 'method': 'GET'}
2024-10-30 17:56:28,801 - INFO - {'url': '/docs', 'method': 'GET'}
2024-10-30 17:56:29,090 - INFO - {'url': '/openapi.json', 'method': 'GET'}
2024-10-30 17:56:50,402 - INFO - {'url': '/', 'method': 'GET'}
2024-10-30 17:57:10,576 - INFO - {'url': '/', 'method': 'GET'}
2024-10-30 17:57:12,753 - INFO - {'url': '/', 'method': 'GET'}
2024-10-30 17:57:17,147 - INFO - {'url': '/chat', 'method': 'GET'}
2024-10-30 17:57:46,986 - INFO - {'url': '/chat', 'method': 'GET'}
2024-10-30 17:57:54,315 - INFO - {'url': '/chat', 'method': 'GET'}
2024-11-04 10:34:43,518 - INFO - {'url': '/chat', 'method': 'GET'}
2024-11-04 10:34:43,825 - INFO - {'url': '/favicon.ico', 'method': 'GET'}
2024-11-04 10:34:45,537 - INFO - {'url': '/chat', 'method': 'GET'}
2024-11-04 10:34:54,401 - INFO - {'url': '/chat', 'method': 'GET'}
2024-11-04 10:40:25,460 - INFO - {'url': '/chat', 'method': 'GET'}
2024-11-04 10:40:28,275 - INFO - {'url': '/chat', 'method': 'GET'}
2024-11-04 10:40:29,202 - INFO - {'url': '/chat', 'method': 'GET'}
2024-11-04 10:40:34,756 - INFO - {'url': '/chat/ws', 'method': 'GET'}
2024-11-04 10:41:12,480 - INFO - {'url': '/chat/ws', 'method': 'GET'}
2024-11-04 10:41:13,414 - INFO - {'url': '/chat/ws', 'method': 'GET'}
2024-11-04 10:41:13,846 - INFO - {'url': '/chat/ws', 'method': 'GET'}
2024-11-04 10:41:14,039 - INFO - {'url': '/chat/ws', 'method': 'GET'}
2024-11-04 10:41:14,212 - INFO - {'url': '/chat/ws', 'method': 'GET'}
2024-11-04 10:41:14,372 - INFO - {'url': '/chat/ws', 'method': 'GET'}
2024-11-04 10:41:17,994 - INFO - {'url': '/chat', 'method': 'GET'}
2024-11-04 10:41:41,126 - INFO - {'url': '/chat', 'method': 'GET'}
2024-11-04 10:55:32,401 - INFO - {'url': '/chat', 'method': 'GET'}
2024-11-04 10:55:35,913 - INFO - {'url': '/chat', 'method': 'GET'}
2024-11-04 10:56:48,659 - INFO - {'url': '/chat', 'method': 'GET'}
2024-11-04 10:56:49,466 - INFO - {'url': '/chat', 'method': 'GET'}
2024-11-04 10:59:42,651 - INFO - {'url': '/chat', 'method': 'GET'}
2024-11-04 10:59:44,274 - INFO - {'url': '/chat', 'method': 'GET'}
2024-11-04 10:59:44,478 - INFO - {'url': '/chat', 'method': 'GET'}
2024-11-04 10:59:44,715 - INFO - {'url': '/chat', 'method': 'GET'}
2024-11-04 10:59:44,895 - INFO - {'url': '/chat', 'method': 'GET'}
2024-11-04 10:59:56,351 - INFO - {'url': '/c', 'method': 'GET'}
2024-11-04 11:00:23,110 - INFO - {'url': '/chat', 'method': 'GET'}
2024-11-04 11:56:15,775 - INFO - {'url': '/c', 'method': 'GET'}
2024-11-04 11:56:16,594 - INFO - {'url': '/favicon.ico', 'method': 'GET'}
2024-11-04 11:56:25,338 - INFO - {'url': '/chat', 'method': 'GET'}
2024-11-04 11:56:32,906 - INFO - {'url': '/', 'method': 'GET'}
2024-11-04 11:56:48,082 - INFO - {'url': '/', 'method': 'GET'}
2024-11-04 11:56:52,994 - INFO - {'url': '/chat', 'method': 'GET'}
2024-11-04 11:58:20,067 - INFO - {'url': '/chat', 'method': 'GET'}
2024-11-04 11:58:20,901 - INFO - {'url': '/favicon.ico', 'method': 'GET'}
2024-11-04 11:58:39,462 - INFO - {'url': '/chat', 'method': 'GET'}
2024-11-04 12:05:24,966 - INFO - {'url': '/chat', 'method': 'GET'}
2024-11-04 12:05:46,810 - INFO - {'url': '/chat', 'method': 'GET'}
2024-11-04 12:09:44,787 - INFO - {'url': '/chat', 'method': 'GET'}
2024-11-04 12:09:58,676 - INFO - {'url': '/chat', 'method': 'GET'}
2024-11-04 12:11:41,149 - INFO - {'url': '/chat', 'method': 'GET'}
2024-11-04 12:11:43,017 - INFO - {'url': '/chat', 'method': 'GET'}
2024-11-04 12:12:40,322 - INFO - {'url': '/chat', 'method': 'GET'}
2024-11-04 12:13:00,066 - INFO - {'url': '/chat', 'method': 'GET'}
2024-11-04 12:17:42,815 - INFO - {'url': '/chat', 'method': 'GET'}
2024-11-04 12:19:10,926 - INFO - {'url': '/docs', 'method': 'GET'}
2024-11-04 12:19:11,328 - INFO - {'url': '/openapi.json', 'method': 'GET'}
2024-11-04 12:19:28,944 - INFO - {'url': '/chat', 'method': 'GET'}
2024-11-04 12:19:29,145 - INFO - {'url': '/favicon.ico', 'method': 'GET'}
2024-11-04 12:41:33,555 - INFO - {'url': '/', 'method': 'GET'}
2024-11-04 12:41:33,929 - INFO - {'url': '/chat', 'method': 'GET'}
2024-11-04 12:41:40,871 - INFO - {'url': '/favicon.ico', 'method': 'GET'}
2024-11-04 12:45:05,596 - INFO - {'url': '/chat', 'method': 'GET'}
2024-11-04 12:47:50,061 - INFO - {'url': '/chat', 'method': 'GET'}
2024-11-04 12:48:21,895 - INFO - {'url': '/chat', 'method': 'GET'}
2024-11-04 12:50:52,424 - INFO - {'url': '/chat', 'method': 'GET'}
2024-11-04 12:51:29,467 - INFO - {'url': '/chat', 'method': 'GET'}
2024-11-04 12:53:26,873 - INFO - {'url': '/chat', 'method': 'GET'}
2024-11-04 12:53:26,874 - INFO - {'url': '/chat', 'method': 'GET'}
2024-11-04 12:53:26,875 - INFO - {'url': '/docs', 'method': 'GET'}
2024-11-04 12:53:26,875 - INFO - {'url': '/chat', 'method': 'GET'}
2024-11-04 13:03:15,632 - INFO - {'url': '/chat', 'method': 'GET'}
2024-11-04 13:03:15,798 - INFO - {'url': '/chat/', 'method': 'GET'}
2024-11-04 13:03:26,732 - INFO - {'url': '/chat/', 'method': 'GET'}
2024-11-04 13:13:19,395 - INFO - {'url': '/chat/', 'method': 'GET'}
2024-11-04 13:13:22,293 - INFO - {'url': '/chat/', 'method': 'GET'}
2024-11-04 13:13:22,470 - INFO - {'url': '/chat/', 'method': 'GET'}
2024-11-04 13:13:46,911 - INFO - {'url': '/chat/', 'method': 'GET'}
2024-11-04 13:14:14,197 - INFO - {'url': '/chat/', 'method': 'GET'}
2024-11-04 13:16:58,613 - INFO - {'url': '/chat/', 'method': 'GET'}
2024-11-04 13:18:36,994 - INFO - {'url': '/chat/', 'method': 'GET'}
2024-11-04 13:21:11,344 - INFO - {'url': '/chat/', 'method': 'GET'}
2024-11-04 13:21:13,736 - INFO - {'url': '/chat/', 'method': 'GET'}
2024-11-04 13:29:15,698 - INFO - {'url': '/chat/', 'method': 'GET'}
2024-11-04 13:29:17,633 - INFO - {'url': '/chat/', 'method': 'GET'}
2024-11-04 13:32:33,024 - INFO - {'url': '/chat/', 'method': 'GET'}
2024-11-04 13:32:44,240 - INFO - {'url': '/chat/', 'method': 'GET'}
2024-11-04 13:33:07,210 - INFO - {'url': '/chat', 'method': 'GET'}
2024-11-04 13:33:07,221 - INFO - {'url': '/chat/', 'method': 'GET'}
2024-11-04 13:35:24,276 - INFO - {'url': '/chat/', 'method': 'GET'}
2024-11-04 13:35:38,461 - INFO - {'url': '/chat/', 'method': 'GET'}
2024-11-04 13:36:05,826 - INFO - {'url': '/chat/', 'method': 'GET'}
2024-11-04 13:36:09,245 - INFO - {'url': '/chat/', 'method': 'GET'}
2024-11-04 13:37:48,673 - INFO - {'url': '/chat/', 'method': 'GET'}
2024-11-04 13:39:21,900 - INFO - {'url': '/chat/', 'method': 'GET'}
2024-11-04 13:39:33,839 - INFO - {'url': '/chat/', 'method': 'GET'}
2024-11-04 13:40:39,855 - INFO - {'url': '/chat/', 'method': 'GET'}
2024-11-04 13:41:47,411 - INFO - {'url': '/chat/', 'method': 'GET'}
2024-11-04 13:42:02,948 - INFO - {'url': '/chat/', 'method': 'GET'}
2024-11-04 13:43:09,256 - INFO - {'url': '/chat/', 'method': 'GET'}
2024-11-04 13:43:09,256 - INFO - {'url': '/chat/', 'method': 'GET'}
2024-11-04 13:43:11,937 - INFO - {'url': '/chat/', 'method': 'GET'}
2024-11-04 15:16:06,934 - INFO - {'url': '/chat/', 'method': 'GET'}
2024-11-04 15:16:07,059 - INFO - {'url': '/favicon.ico', 'method': 'GET'}
2024-11-04 15:16:17,876 - INFO - {'url': '/chat/', 'method': 'GET'}
2024-11-04 15:16:35,901 - INFO - {'url': '/chat/', 'method': 'GET'}
2024-11-04 15:22:51,760 - INFO - {'url': '/', 'method': 'GET'}
2024-11-04 15:26:12,169 - INFO - {'url': '/chat/', 'method': 'GET'}
2024-11-04 15:26:23,237 - INFO - {'url': '/chat/', 'method': 'GET'}
2024-11-04 15:27:12,534 - INFO - {'url': '/chat/', 'method': 'GET'}
2024-11-04 15:28:03,632 - INFO - {'url': '/chat/', 'method': 'GET'}
2024-11-04 15:31:41,354 - INFO - {'url': '/chat/', 'method': 'GET'}
2024-11-04 15:31:49,523 - INFO - {'url': '/chat/', 'method': 'GET'}
2024-11-04 15:35:13,993 - INFO - {'url': '/chat/', 'method': 'GET'}
2024-11-04 15:35:18,622 - INFO - {'url': '/chat/', 'method': 'GET'}
2024-11-04 15:40:47,607 - INFO - {'url': '/chat/', 'method': 'GET'}
2024-11-04 15:41:05,632 - INFO - {'url': '/chat/', 'method': 'GET'}
2024-11-04 15:41:36,611 - INFO - {'url': '/chat/', 'method': 'GET'}
2024-11-04 15:41:51,481 - INFO - {'url': '/chat/', 'method': 'GET'}
2024-11-04 15:42:39,882 - INFO - {'url': '/chat/', 'method': 'GET'}
2024-11-04 15:42:47,300 - INFO - {'url': '/chat/', 'method': 'GET'}
2024-11-04 15:43:17,050 - INFO - {'url': '/chat/', 'method': 'GET'}
2024-11-04 15:43:23,522 - INFO - {'url': '/chat/', 'method': 'GET'}
2024-11-04 15:47:19,158 - INFO - {'url': '/chat/', 'method': 'GET'}
2024-11-04 15:47:20,651 - INFO - {'url': '/chat/', 'method': 'GET'}
2024-11-04 15:47:22,896 - INFO - {'url': '/chat/', 'method': 'GET'}
2024-11-04 16:05:49,798 - INFO - {'url': '/chat/', 'method': 'GET'}
2024-11-04 16:07:55,713 - INFO - {'url': '/', 'method': 'GET'}
2024-11-04 16:09:19,594 - INFO - {'url': '/chat/', 'method': 'GET'}
2024-11-04 16:09:27,510 - INFO - {'url': '/chat/', 'method': 'GET'}
2024-11-04 16:10:02,573 - INFO - {'url': '/chat/', 'method': 'GET'}
2024-11-04 16:10:13,275 - INFO - {'url': '/chat/', 'method': 'GET'}
2024-11-04 16:10:32,373 - INFO - {'url': '/chat/', 'method': 'GET'}
2024-11-04 16:10:39,794 - INFO - {'url': '/chat/', 'method': 'GET'}
2024-11-04 16:11:03,705 - INFO - {'url': '/chat/', 'method': 'GET'}
2024-11-04 16:11:06,232 - INFO - {'url': '/chat/', 'method': 'GET'}
2024-11-04 16:22:18,246 - INFO - {'url': '/chat/', 'method': 'GET'}
2024-11-04 16:22:21,236 - INFO - {'url': '/chat/', 'method': 'GET'}
2024-11-04 16:22:42,643 - INFO - {'url': '/chat/', 'method': 'GET'}
2024-11-04 16:22:44,915 - INFO - {'url': '/chat/', 'method': 'GET'}
2024-11-04 16:27:37,709 - INFO - {'url': '/chat/', 'method': 'GET'}
2024-11-04 16:27:53,628 - INFO - {'url': '/chat/', 'method': 'GET'}
2024-11-04 16:27:55,718 - INFO - {'url': '/chat/', 'method': 'GET'}
2024-11-04 16:31:07,821 - INFO - {'url': '/chat/', 'method': 'GET'}
2024-11-04 16:34:23,836 - INFO - {'url': '/chat/', 'method': 'GET'}
2024-11-04 16:35:01,182 - INFO - {'url': '/chat/', 'method': 'GET'}
2024-11-04 16:36:49,534 - INFO - {'url': '/chat/', 'method': 'GET'}
2024-11-04 16:37:13,707 - INFO - {'url': '/chat/', 'method': 'GET'}
2024-11-04 16:38:50,185 - INFO - {'url': '/chat', 'method': 'GET'}
2024-11-04 16:38:50,264 - INFO - {'url': '/chat/', 'method': 'GET'}
2024-11-04 16:38:50,474 - INFO - {'url': '/favicon.ico', 'method': 'GET'}
2024-11-04 16:40:28,172 - INFO - {'url': '/chat/', 'method': 'GET'}
2024-11-04 16:55:39,477 - INFO - {'url': '/chat/', 'method': 'GET'}
2024-11-04 16:55:56,323 - INFO - {'url': '/chat/', 'method': 'GET'}
2024-11-04 16:59:23,271 - INFO - {'url': '/', 'method': 'GET'}
2024-11-04 16:59:23,742 - INFO - {'url': '/favicon.ico', 'method': 'GET'}
2024-11-04 16:59:28,590 - INFO - {'url': '/chat', 'method': 'GET'}
2024-11-04 16:59:28,600 - INFO - {'url': '/chat/', 'method': 'GET'}
2024-11-04 17:00:21,069 - INFO - {'url': '/chat/', 'method': 'GET'}
2024-11-04 17:01:11,824 - INFO - {'url': '/chat/', 'method': 'GET'}
2024-11-04 17:02:43,778 - INFO - {'url': '/chat/', 'method': 'GET'}
2024-11-04 17:04:00,853 - INFO - {'url': '/chat/', 'method': 'GET'}
2024-11-04 17:04:57,853 - INFO - {'url': '/chat/', 'method': 'GET'}
2024-11-04 17:07:07,777 - INFO - {'url': '/chat/', 'method': 'GET'}
2024-11-04 17:10:07,993 - INFO - {'url': '/chat/', 'method': 'GET'}
2024-11-04 17:10:45,358 - INFO - {'url': '/chat/', 'method': 'GET'}
2024-11-04 17:11:53,281 - INFO - {'url': '/chat/', 'method': 'GET'}
2024-11-04 17:12:17,278 - INFO - {'url': '/chat/', 'method': 'GET'}
2024-11-04 17:26:40,086 - INFO - {'url': '/chat/', 'method': 'GET'}
2024-11-04 17:26:58,361 - INFO - {'url': '/chat/', 'method': 'GET'}
2024-11-04 17:32:41,585 - INFO - {'url': '/chat/', 'method': 'GET'}
2024-11-04 17:32:54,581 - INFO - {'url': '/chat/', 'method': 'GET'}
2024-11-04 17:35:51,523 - INFO - {'url': '/chat/', 'method': 'GET'}
2024-11-04 17:37:06,532 - INFO - {'url': '/chat/', 'method': 'GET'}
2024-11-04 17:44:47,046 - INFO - {'url': '/chat/', 'method': 'GET'}
2024-11-04 17:44:49,460 - INFO - {'url': '/chat/', 'method': 'GET'}
2024-11-04 18:00:26,803 - INFO - {'url': '/chat/', 'method': 'GET'}
2024-11-04 18:00:28,854 - INFO - {'url': '/chat/', 'method': 'GET'}
2024-11-04 18:01:13,614 - INFO - {'url': '/chat/', 'method': 'GET'}
2024-11-04 18:01:40,347 - INFO - {'url': '/chat/', 'method': 'GET'}
2024-11-04 18:09:06,347 - INFO - {'url': '/chat/', 'method': 'GET'}
2024-11-04 18:09:08,742 - INFO - {'url': '/chat/', 'method': 'GET'}
2024-11-04 18:10:06,581 - INFO - {'url': '/chat/', 'method': 'GET'}
2024-11-04 18:12:08,337 - INFO - {'url': '/chat/', 'method': 'GET'}
2024-11-04 18:16:09,202 - INFO - {'url': '/chat/', 'method': 'GET'}
2024-11-04 18:23:06,514 - INFO - {'url': '/chat/', 'method': 'GET'}
2024-11-04 18:25:49,180 - INFO - {'url': '/chat/', 'method': 'GET'}
2024-11-04 18:26:39,293 - INFO - {'url': '/chat/', 'method': 'GET'}
2024-11-04 18:28:09,140 - INFO - {'url': '/chat/', 'method': 'GET'}
2024-11-04 18:29:38,764 - INFO - {'url': '/chat/', 'method': 'GET'}
2024-11-04 18:32:29,521 - INFO - {'url': '/chat/', 'method': 'GET'}
2024-11-04 18:38:43,296 - INFO - {'url': '/chat/', 'method': 'GET'}
2024-11-04 18:38:44,185 - INFO - {'url': '/favicon.ico', 'method': 'GET'}
2024-11-04 18:39:19,790 - INFO - {'url': '/chat/', 'method': 'GET'}
2024-11-04 18:40:31,606 - INFO - {'url': '/chat/', 'method': 'GET'}
2024-11-04 18:40:34,286 - INFO - {'url': '/chat/', 'method': 'GET'}
2024-11-04 18:40:52,449 - INFO - {'url': '/chat/', 'method': 'GET'}
2024-11-04 18:42:34,948 - INFO - {'url': '/chat/', 'method': 'GET'}
2024-11-04 18:45:01,377 - INFO - {'url': '/chat/', 'method': 'GET'}
2024-11-04 18:45:11,037 - INFO - {'url': '/chat/', 'method': 'GET'}
2024-11-05 10:17:58,019 - INFO - {'url': '/chat/', 'method': 'GET'}
2024-11-05 10:17:58,299 - INFO - {'url': '/favicon.ico', 'method': 'GET'}
2024-11-05 10:18:14,394 - INFO - {'url': '/chat/', 'method': 'GET'}
2024-11-05 10:22:14,563 - INFO - {'url': '/chat/', 'method': 'GET'}
2024-11-05 10:22:19,345 - INFO - {'url': '/chat/', 'method': 'GET'}
